2018-05-01 20:29:00,938 [Worker-5] INFO  c.g.t.t.d.PublishedGradleVersions - Gradle version information cache is up-to-date. Trying to read.
2018-05-01 20:35:46,204 [Worker-24] INFO  o.e.m.c.i.l.LifecycleMappingFactory - Using org.eclipse.m2e.jdt.JarLifecycleMapping lifecycle mapping for MavenProject: com.revature:Youtube_Paws_Spring:0.0.1-SNAPSHOT @ C:\Users\Myles\Documents\GitHub\Youtube_Paws\Youtube_Paws_Spring\pom.xml.
2018-05-01 20:35:46,204 [Worker-21] INFO  o.e.m.c.i.l.LifecycleMappingFactory - Using org.eclipse.m2e.jdt.JarLifecycleMapping lifecycle mapping for MavenProject: com.revature:Youtube_Paws_Spring:0.0.1-SNAPSHOT @ C:\Users\Myles\Documents\GitHub\Youtube_Paws\Youtube_Paws_Spring\pom.xml.
2018-05-01 20:35:55,125 [Worker-24] WARN  o.e.m.c.i.embedder.EclipseLogger - Using platform encoding (Cp1252 actually) to copy filtered resources, i.e. build is platform dependent!
2018-05-01 20:35:55,501 [Worker-24] INFO  o.e.m.c.i.embedder.EclipseLogger - Copying 1 resource
2018-05-01 20:35:55,547 [Worker-24] WARN  o.e.m.c.i.embedder.EclipseLogger - Using platform encoding (Cp1252 actually) to copy filtered resources, i.e. build is platform dependent!
2018-05-01 20:35:55,557 [Worker-24] INFO  o.e.m.c.i.embedder.EclipseLogger - Copying 0 resource
2018-05-01 20:36:02,019 [Worker-18] INFO  o.e.m.c.i.l.LifecycleMappingFactory - Using org.eclipse.m2e.jdt.JarLifecycleMapping lifecycle mapping for MavenProject: com.revature:Youtube_Paws_Spring:0.0.1-SNAPSHOT @ C:\Users\Myles\Documents\GitHub\Youtube_Paws\Youtube_Paws_Spring\pom.xml.
2018-05-01 20:36:02,675 [Worker-17] WARN  o.e.m.c.i.embedder.EclipseLogger - Using platform encoding (Cp1252 actually) to copy filtered resources, i.e. build is platform dependent!
2018-05-01 20:36:02,717 [Worker-17] INFO  o.e.m.c.i.embedder.EclipseLogger - Copying 1 resource
2018-05-01 20:36:02,743 [Worker-17] WARN  o.e.m.c.i.embedder.EclipseLogger - Using platform encoding (Cp1252 actually) to copy filtered resources, i.e. build is platform dependent!
2018-05-01 20:36:02,772 [Worker-17] INFO  o.e.m.c.i.embedder.EclipseLogger - Copying 0 resource
2018-05-01 20:36:03,625 [Worker-21] WARN  o.e.m.c.i.embedder.EclipseLogger - Using platform encoding (Cp1252 actually) to copy filtered resources, i.e. build is platform dependent!
2018-05-01 20:36:03,676 [Worker-21] INFO  o.e.m.c.i.embedder.EclipseLogger - Copying 0 resource
2018-05-01 20:36:03,685 [Worker-21] WARN  o.e.m.c.i.embedder.EclipseLogger - Using platform encoding (Cp1252 actually) to copy filtered resources, i.e. build is platform dependent!
2018-05-01 20:36:03,704 [Worker-21] INFO  o.e.m.c.i.embedder.EclipseLogger - Copying 0 resource
2018-05-01 20:36:44,214 [Worker-25] WARN  o.e.m.c.i.embedder.EclipseLogger - Using platform encoding (Cp1252 actually) to copy filtered resources, i.e. build is platform dependent!
2018-05-01 20:36:44,233 [Worker-25] INFO  o.e.m.c.i.embedder.EclipseLogger - Copying 1 resource
2018-05-01 20:36:44,236 [Worker-25] WARN  o.e.m.c.i.embedder.EclipseLogger - Using platform encoding (Cp1252 actually) to copy filtered resources, i.e. build is platform dependent!
2018-05-01 20:36:44,247 [Worker-25] INFO  o.e.m.c.i.embedder.EclipseLogger - Copying 0 resource
2018-05-01 20:36:48,391 [Worker-2] WARN  o.e.m.c.i.embedder.EclipseLogger - Using platform encoding (Cp1252 actually) to copy filtered resources, i.e. build is platform dependent!
2018-05-01 20:36:48,410 [Worker-2] INFO  o.e.m.c.i.embedder.EclipseLogger - Copying 0 resource
2018-05-01 20:36:48,419 [Worker-2] WARN  o.e.m.c.i.embedder.EclipseLogger - Using platform encoding (Cp1252 actually) to copy filtered resources, i.e. build is platform dependent!
2018-05-01 20:36:48,429 [Worker-2] INFO  o.e.m.c.i.embedder.EclipseLogger - Copying 0 resource
2018-05-01 20:39:46,556 [Worker-24] WARN  o.e.m.c.i.embedder.EclipseLogger - Using platform encoding (Cp1252 actually) to copy filtered resources, i.e. build is platform dependent!
2018-05-01 20:39:46,571 [Worker-24] INFO  o.e.m.c.i.embedder.EclipseLogger - Copying 1 resource
2018-05-01 20:39:46,573 [Worker-24] WARN  o.e.m.c.i.embedder.EclipseLogger - Using platform encoding (Cp1252 actually) to copy filtered resources, i.e. build is platform dependent!
2018-05-01 20:39:46,589 [Worker-24] INFO  o.e.m.c.i.embedder.EclipseLogger - Copying 0 resource
2018-05-01 20:40:09,158 [Worker-25] WARN  o.e.m.c.i.embedder.EclipseLogger - Using platform encoding (Cp1252 actually) to copy filtered resources, i.e. build is platform dependent!
2018-05-01 20:40:09,201 [Worker-25] INFO  o.e.m.c.i.embedder.EclipseLogger - Copying 1 resource
2018-05-01 20:40:09,227 [Worker-25] WARN  o.e.m.c.i.embedder.EclipseLogger - Using platform encoding (Cp1252 actually) to copy filtered resources, i.e. build is platform dependent!
2018-05-01 20:40:09,242 [Worker-25] INFO  o.e.m.c.i.embedder.EclipseLogger - Copying 0 resource
2018-05-01 20:45:08,614 [Worker-19] WARN  o.e.m.c.i.embedder.EclipseLogger - Using platform encoding (Cp1252 actually) to copy filtered resources, i.e. build is platform dependent!
2018-05-01 20:45:08,639 [Worker-19] INFO  o.e.m.c.i.embedder.EclipseLogger - Copying 1 resource
2018-05-01 20:45:08,642 [Worker-19] WARN  o.e.m.c.i.embedder.EclipseLogger - Using platform encoding (Cp1252 actually) to copy filtered resources, i.e. build is platform dependent!
2018-05-01 20:45:08,659 [Worker-19] INFO  o.e.m.c.i.embedder.EclipseLogger - Copying 0 resource
2018-05-02 13:31:08,921 [Worker-69] INFO  o.e.m.c.i.l.LifecycleMappingFactory - Using org.maven.ide.eclipse.wtp.WarLifecycleMapping lifecycle mapping for MavenProject: com.revature:Youtube_Paws_Spring:0.0.1-SNAPSHOT @ C:\Users\Myles\Documents\GitHub\Youtube_Paws\Youtube_Paws_Spring\pom.xml.
2018-05-02 13:31:18,990 [Worker-69] WARN  o.e.m.c.i.embedder.EclipseLogger - Using platform encoding (Cp1252 actually) to copy filtered resources, i.e. build is platform dependent!
2018-05-02 13:31:19,064 [Worker-69] INFO  o.e.m.c.i.embedder.EclipseLogger - Copying 0 resource
2018-05-02 13:31:19,073 [Worker-69] WARN  o.e.m.c.i.embedder.EclipseLogger - Using platform encoding (Cp1252 actually) to copy filtered resources, i.e. build is platform dependent!
2018-05-02 13:31:19,093 [Worker-69] INFO  o.e.m.c.i.embedder.EclipseLogger - Copying 0 resource
2018-05-02 13:31:19,156 [Worker-69] INFO  o.e.m.w.i.f.ResourceFilteringBuildParticipant - Changed resources require a complete clean of filtered resources of Youtube_Paws_Spring
2018-05-02 13:31:19,157 [Worker-69] INFO  o.e.m.w.i.f.ResourceFilteringBuildParticipant - Executing resource filtering for Youtube_Paws_Spring
2018-05-02 13:31:19,440 [Worker-69] WARN  o.e.m.c.i.embedder.EclipseLogger - Using platform encoding (Cp1252 actually) to copy filtered resources, i.e. build is platform dependent!
2018-05-02 13:37:50,203 [Worker-73] INFO  o.e.m.c.i.p.ProjectConfigurationManager - Update started
2018-05-02 13:37:51,117 [Worker-73] INFO  o.e.m.c.i.l.LifecycleMappingFactory - Using org.maven.ide.eclipse.wtp.WarLifecycleMapping lifecycle mapping for MavenProject: com.revature:Youtube_Paws_Spring:0.0.1-SNAPSHOT @ C:\Users\Myles\Documents\GitHub\Youtube_Paws\Youtube_Paws_Spring\pom.xml.
2018-05-02 13:37:52,521 [Worker-73] INFO  o.e.m.j.i.AbstractJavaProjectConfigurator - Adding source folder /Youtube_Paws_Spring/src/main/java
2018-05-02 13:37:52,522 [Worker-73] INFO  o.e.m.j.i.AbstractJavaProjectConfigurator - Adding resource folder /Youtube_Paws_Spring/src/main/resources
2018-05-02 13:37:52,541 [Worker-73] INFO  o.e.m.j.i.AbstractJavaProjectConfigurator - Adding source folder /Youtube_Paws_Spring/src/test/java
2018-05-02 13:37:52,549 [Worker-73] INFO  o.e.m.j.i.AbstractJavaProjectConfigurator - Adding resource folder /Youtube_Paws_Spring/src/test/resources
2018-05-02 13:37:59,193 [Worker-73] INFO  o.e.m.w.i.f.ResourceFilteringBuildParticipant - Cleaning filtered folder for Youtube_Paws_Spring
2018-05-02 13:38:01,796 [Worker-73] INFO  o.e.m.c.i.p.ProjectConfigurationManager - Update completed: 11 sec
2018-05-02 13:38:04,508 [Worker-76] WARN  o.e.m.c.i.embedder.EclipseLogger - Using platform encoding (Cp1252 actually) to copy filtered resources, i.e. build is platform dependent!
2018-05-02 13:38:04,580 [Worker-76] INFO  o.e.m.c.i.embedder.EclipseLogger - Copying 1 resource
2018-05-02 13:38:04,743 [Worker-76] WARN  o.e.m.c.i.embedder.EclipseLogger - Using platform encoding (Cp1252 actually) to copy filtered resources, i.e. build is platform dependent!
2018-05-02 13:38:04,769 [Worker-76] INFO  o.e.m.c.i.embedder.EclipseLogger - Copying 0 resource
2018-05-02 13:38:04,792 [Worker-76] INFO  o.e.m.w.i.f.ResourceFilteringBuildParticipant - Changed resources require a complete clean of filtered resources of Youtube_Paws_Spring
2018-05-02 13:38:04,792 [Worker-76] INFO  o.e.m.w.i.f.ResourceFilteringBuildParticipant - Executing resource filtering for Youtube_Paws_Spring
2018-05-02 13:38:04,829 [Worker-76] WARN  o.e.m.c.i.embedder.EclipseLogger - Using platform encoding (Cp1252 actually) to copy filtered resources, i.e. build is platform dependent!
2018-05-02 13:38:30,401 [Worker-72] WARN  o.e.m.c.i.embedder.EclipseLogger - Using platform encoding (Cp1252 actually) to copy filtered resources, i.e. build is platform dependent!
2018-05-02 13:38:30,460 [Worker-72] INFO  o.e.m.c.i.embedder.EclipseLogger - Copying 0 resource
2018-05-02 13:38:30,474 [Worker-72] WARN  o.e.m.c.i.embedder.EclipseLogger - Using platform encoding (Cp1252 actually) to copy filtered resources, i.e. build is platform dependent!
2018-05-02 13:38:30,501 [Worker-72] INFO  o.e.m.c.i.embedder.EclipseLogger - Copying 0 resource
2018-05-02 13:39:27,416 [Worker-75] WARN  o.e.m.c.i.embedder.EclipseLogger - Using platform encoding (Cp1252 actually) to copy filtered resources, i.e. build is platform dependent!
2018-05-02 13:39:27,459 [Worker-75] INFO  o.e.m.c.i.embedder.EclipseLogger - Copying 1 resource
2018-05-02 13:39:27,478 [Worker-75] WARN  o.e.m.c.i.embedder.EclipseLogger - Using platform encoding (Cp1252 actually) to copy filtered resources, i.e. build is platform dependent!
2018-05-02 13:39:27,504 [Worker-75] INFO  o.e.m.c.i.embedder.EclipseLogger - Copying 0 resource
2018-05-02 13:39:51,977 [Worker-70] WARN  o.e.m.c.i.embedder.EclipseLogger - Using platform encoding (Cp1252 actually) to copy filtered resources, i.e. build is platform dependent!
2018-05-02 13:39:52,012 [Worker-70] INFO  o.e.m.c.i.embedder.EclipseLogger - Copying 1 resource
2018-05-02 13:39:52,028 [Worker-70] WARN  o.e.m.c.i.embedder.EclipseLogger - Using platform encoding (Cp1252 actually) to copy filtered resources, i.e. build is platform dependent!
2018-05-02 13:39:52,045 [Worker-70] INFO  o.e.m.c.i.embedder.EclipseLogger - Copying 0 resource
